2025-02-19 21:54:00,294 - async_inspection - INFO - Starting to inspect: 172.18.10.60
2025-02-19 21:54:00,295 - usg12004_inspector - INFO - Project root: C:\Users\alex-zhao\PycharmProjects\NetInspector
2025-02-19 21:54:00,295 - usg12004_inspector - INFO - Raw configs directory: C:\Users\alex-zhao\PycharmProjects\NetInspector\output\raw_configs
2025-02-19 21:54:00,295 - usg12004_inspector - INFO - Reports directory: C:\Users\alex-zhao\PycharmProjects\NetInspector\output\reports
2025-02-19 21:54:00,296 - usg12004_inspector - INFO - Directories created/verified successfully
2025-02-19 21:54:00,300 - usg12004_inspector - INFO - Commands loaded from C:\Users\alex-zhao\PycharmProjects\NetInspector\templates\commands\usg12004_commands.json
2025-02-19 21:54:00,787 - usg12004_inspector - INFO - AI model initialized successfully
2025-02-19 21:54:00,788 - usg12004_inspector - INFO - ==================================================
2025-02-19 21:54:00,788 - usg12004_inspector - INFO - Starting to collect data of device 172.18.10.60 ...
2025-02-19 21:54:00,788 - usg12004_inspector - INFO - ==================================================
2025-02-19 21:54:00,788 - connect.device_connector - ERROR - Failed to connect to 172.18.10.60: Unsupported 'device_type' currently supported platforms are: 
a10
accedian
adtran_os
adva_fsp150f2
adva_fsp150f3
alaxala_ax26s
alaxala_ax36s
alcatel_aos
alcatel_sros
allied_telesis_awplus
apresia_aeos
arista_eos
arris_cer
aruba_aoscx
aruba_os
aruba_osswitch
aruba_procurve
audiocode_66
audiocode_72
audiocode_shell
avaya_ers
avaya_vsp
broadcom_icos
brocade_fastiron
brocade_fos
brocade_netiron
brocade_nos
brocade_vdx
brocade_vyos
calix_b6
casa_cmts
cdot_cros
centec_os
checkpoint_gaia
ciena_saos
cisco_apic
cisco_asa
cisco_ftd
cisco_ios
cisco_nxos
cisco_s200
cisco_s300
cisco_tp
cisco_viptela
cisco_wlc
cisco_xe
cisco_xr
cloudgenix_ion
coriant
dell_dnos9
dell_force10
dell_isilon
dell_os10
dell_os6
dell_os9
dell_powerconnect
dell_sonic
digi_transport
dlink_ds
eltex
eltex_esr
endace
enterasys
ericsson_ipos
ericsson_mltn63
ericsson_mltn66
extreme
extreme_ers
extreme_exos
extreme_netiron
extreme_nos
extreme_slx
extreme_tierra
extreme_vdx
extreme_vsp
extreme_wing
f5_linux
f5_ltm
f5_tmsh
fiberstore_fsos
flexvnf
fortinet
garderos_grs
generic
generic_termserver
hillstone_stoneos
hp_comware
hp_procurve
huawei
huawei_olt
huawei_smartax
huawei_vrp
huawei_vrpv8
ipinfusion_ocnos
juniper
juniper_junos
juniper_screenos
keymile
keymile_nos
linux
maipu
mellanox
mellanox_mlnxos
mikrotik_routeros
mikrotik_switchos
mrv_lx
mrv_optiswitch
netapp_cdot
netgear_prosafe
netscaler
nokia_srl
nokia_sros
oneaccess_oneos
ovs_linux
paloalto_panos
pluribus
quanta_mesh
rad_etx
raisecom_roap
ruckus_fastiron
ruijie_os
sixwind_os
sophos_sfos
supermicro_smis
teldat_cit
tplink_jetstream
ubiquiti_edge
ubiquiti_edgerouter
ubiquiti_edgeswitch
ubiquiti_unifiswitch
vertiv_mph
vyatta_vyos
vyos
watchguard_fireware
yamaha
zte_zxros
zyxel_os
2025-02-19 21:54:05,788 - connect.device_connector - ERROR - Failed to connect to 172.18.10.60: Unsupported 'device_type' currently supported platforms are: 
a10
accedian
adtran_os
adva_fsp150f2
adva_fsp150f3
alaxala_ax26s
alaxala_ax36s
alcatel_aos
alcatel_sros
allied_telesis_awplus
apresia_aeos
arista_eos
arris_cer
aruba_aoscx
aruba_os
aruba_osswitch
aruba_procurve
audiocode_66
audiocode_72
audiocode_shell
avaya_ers
avaya_vsp
broadcom_icos
brocade_fastiron
brocade_fos
brocade_netiron
brocade_nos
brocade_vdx
brocade_vyos
calix_b6
casa_cmts
cdot_cros
centec_os
checkpoint_gaia
ciena_saos
cisco_apic
cisco_asa
cisco_ftd
cisco_ios
cisco_nxos
cisco_s200
cisco_s300
cisco_tp
cisco_viptela
cisco_wlc
cisco_xe
cisco_xr
cloudgenix_ion
coriant
dell_dnos9
dell_force10
dell_isilon
dell_os10
dell_os6
dell_os9
dell_powerconnect
dell_sonic
digi_transport
dlink_ds
eltex
eltex_esr
endace
enterasys
ericsson_ipos
ericsson_mltn63
ericsson_mltn66
extreme
extreme_ers
extreme_exos
extreme_netiron
extreme_nos
extreme_slx
extreme_tierra
extreme_vdx
extreme_vsp
extreme_wing
f5_linux
f5_ltm
f5_tmsh
fiberstore_fsos
flexvnf
fortinet
garderos_grs
generic
generic_termserver
hillstone_stoneos
hp_comware
hp_procurve
huawei
huawei_olt
huawei_smartax
huawei_vrp
huawei_vrpv8
ipinfusion_ocnos
juniper
juniper_junos
juniper_screenos
keymile
keymile_nos
linux
maipu
mellanox
mellanox_mlnxos
mikrotik_routeros
mikrotik_switchos
mrv_lx
mrv_optiswitch
netapp_cdot
netgear_prosafe
netscaler
nokia_srl
nokia_sros
oneaccess_oneos
ovs_linux
paloalto_panos
pluribus
quanta_mesh
rad_etx
raisecom_roap
ruckus_fastiron
ruijie_os
sixwind_os
sophos_sfos
supermicro_smis
teldat_cit
tplink_jetstream
ubiquiti_edge
ubiquiti_edgerouter
ubiquiti_edgeswitch
ubiquiti_unifiswitch
vertiv_mph
vyatta_vyos
vyos
watchguard_fireware
yamaha
zte_zxros
zyxel_os
2025-02-19 21:54:10,790 - connect.device_connector - ERROR - Failed to connect to 172.18.10.60: Unsupported 'device_type' currently supported platforms are: 
a10
accedian
adtran_os
adva_fsp150f2
adva_fsp150f3
alaxala_ax26s
alaxala_ax36s
alcatel_aos
alcatel_sros
allied_telesis_awplus
apresia_aeos
arista_eos
arris_cer
aruba_aoscx
aruba_os
aruba_osswitch
aruba_procurve
audiocode_66
audiocode_72
audiocode_shell
avaya_ers
avaya_vsp
broadcom_icos
brocade_fastiron
brocade_fos
brocade_netiron
brocade_nos
brocade_vdx
brocade_vyos
calix_b6
casa_cmts
cdot_cros
centec_os
checkpoint_gaia
ciena_saos
cisco_apic
cisco_asa
cisco_ftd
cisco_ios
cisco_nxos
cisco_s200
cisco_s300
cisco_tp
cisco_viptela
cisco_wlc
cisco_xe
cisco_xr
cloudgenix_ion
coriant
dell_dnos9
dell_force10
dell_isilon
dell_os10
dell_os6
dell_os9
dell_powerconnect
dell_sonic
digi_transport
dlink_ds
eltex
eltex_esr
endace
enterasys
ericsson_ipos
ericsson_mltn63
ericsson_mltn66
extreme
extreme_ers
extreme_exos
extreme_netiron
extreme_nos
extreme_slx
extreme_tierra
extreme_vdx
extreme_vsp
extreme_wing
f5_linux
f5_ltm
f5_tmsh
fiberstore_fsos
flexvnf
fortinet
garderos_grs
generic
generic_termserver
hillstone_stoneos
hp_comware
hp_procurve
huawei
huawei_olt
huawei_smartax
huawei_vrp
huawei_vrpv8
ipinfusion_ocnos
juniper
juniper_junos
juniper_screenos
keymile
keymile_nos
linux
maipu
mellanox
mellanox_mlnxos
mikrotik_routeros
mikrotik_switchos
mrv_lx
mrv_optiswitch
netapp_cdot
netgear_prosafe
netscaler
nokia_srl
nokia_sros
oneaccess_oneos
ovs_linux
paloalto_panos
pluribus
quanta_mesh
rad_etx
raisecom_roap
ruckus_fastiron
ruijie_os
sixwind_os
sophos_sfos
supermicro_smis
teldat_cit
tplink_jetstream
ubiquiti_edge
ubiquiti_edgerouter
ubiquiti_edgeswitch
ubiquiti_unifiswitch
vertiv_mph
vyatta_vyos
vyos
watchguard_fireware
yamaha
zte_zxros
zyxel_os
2025-02-19 21:54:10,790 - usg12004_inspector - ERROR - Data collection failed: Failed to connect to 172.18.10.60 after 3 attempts
Traceback (most recent call last):
  File "C:\Users\alex-zhao\PycharmProjects\NetInspector\inspection\huawei\usg12004_inspection.py", line 84, in collect_data
    self.device_connector.connect()
  File "C:\Users\alex-zhao\PycharmProjects\NetInspector\connect\device_connector.py", line 36, in connect
    raise ConnectionError(f"Failed to connect to {self.device_info['host']} after {self.max_retries} attempts")
ConnectionError: Failed to connect to 172.18.10.60 after 3 attempts
2025-02-19 21:54:10,806 - usg12004_inspector - INFO - Disconnected from device 172.18.10.60
2025-02-19 21:54:10,806 - usg12004_inspector - ERROR - Inspection failed: Failed to connect to 172.18.10.60 after 3 attempts
Traceback (most recent call last):
  File "C:\Users\alex-zhao\PycharmProjects\NetInspector\inspection\huawei\usg12004_inspection.py", line 262, in run
    config_data = self.collect_data()
                  ^^^^^^^^^^^^^^^^^^^
  File "C:\Users\alex-zhao\PycharmProjects\NetInspector\inspection\huawei\usg12004_inspection.py", line 84, in collect_data
    self.device_connector.connect()
  File "C:\Users\alex-zhao\PycharmProjects\NetInspector\connect\device_connector.py", line 36, in connect
    raise ConnectionError(f"Failed to connect to {self.device_info['host']} after {self.max_retries} attempts")
ConnectionError: Failed to connect to 172.18.10.60 after 3 attempts
2025-02-19 21:54:10,806 - async_inspection - ERROR - 172.18.10.60 inspecting failed: Failed to connect to 172.18.10.60 after 3 attempts
Traceback (most recent call last):
  File "C:\Users\alex-zhao\PycharmProjects\NetInspector\inspection\huawei\usg12004_inspection.py", line 292, in inspect_device_async
    raw_config, report = await loop.run_in_executor(None, inspector.run)
                         ^^^^^^^^^^^^^^^^^^^^^^^^^^^^^^^^^^^^^^^^^^^^^^^
  File "C:\Users\alex-zhao\AppData\Local\Programs\Python\Python312\Lib\concurrent\futures\thread.py", line 58, in run
    result = self.fn(*self.args, **self.kwargs)
             ^^^^^^^^^^^^^^^^^^^^^^^^^^^^^^^^^^
  File "C:\Users\alex-zhao\PycharmProjects\NetInspector\inspection\huawei\usg12004_inspection.py", line 262, in run
    config_data = self.collect_data()
                  ^^^^^^^^^^^^^^^^^^^
  File "C:\Users\alex-zhao\PycharmProjects\NetInspector\inspection\huawei\usg12004_inspection.py", line 84, in collect_data
    self.device_connector.connect()
  File "C:\Users\alex-zhao\PycharmProjects\NetInspector\connect\device_connector.py", line 36, in connect
    raise ConnectionError(f"Failed to connect to {self.device_info['host']} after {self.max_retries} attempts")
ConnectionError: Failed to connect to 172.18.10.60 after 3 attempts
2025-02-19 21:54:10,817 - main_async - INFO - ==================================================
2025-02-19 21:54:10,817 - main_async - INFO - Tasks are done！Summary of results:
2025-02-19 21:54:10,817 - main_async - INFO - ==================================================
2025-02-19 21:54:10,817 - main_async - INFO - Total devices: 1
2025-02-19 21:54:10,817 - main_async - INFO - Success count: 0
2025-02-19 21:54:10,817 - main_async - INFO - Failure count: 1
2025-02-19 21:54:10,817 - main_async - INFO - Device 172.18.10.60: status: failed
2025-02-19 21:54:10,817 - main_async - INFO - Error: Failed to connect to 172.18.10.60 after 3 attempts
2025-02-19 21:55:21,421 - async_inspection - INFO - Starting to inspect: 172.18.10.60
2025-02-19 21:55:21,423 - usg12004_inspector - INFO - Project root: C:\Users\alex-zhao\PycharmProjects\NetInspector
2025-02-19 21:55:21,423 - usg12004_inspector - INFO - Raw configs directory: C:\Users\alex-zhao\PycharmProjects\NetInspector\output\raw_configs
2025-02-19 21:55:21,423 - usg12004_inspector - INFO - Reports directory: C:\Users\alex-zhao\PycharmProjects\NetInspector\output\reports
2025-02-19 21:55:21,423 - usg12004_inspector - INFO - Directories created/verified successfully
2025-02-19 21:55:21,423 - usg12004_inspector - INFO - Commands loaded from C:\Users\alex-zhao\PycharmProjects\NetInspector\templates\commands\usg12004_commands.json
2025-02-19 21:55:21,885 - usg12004_inspector - INFO - AI model initialized successfully
2025-02-19 21:55:21,885 - usg12004_inspector - INFO - ==================================================
2025-02-19 21:55:21,885 - usg12004_inspector - INFO - Starting to collect data of device 172.18.10.60 ...
2025-02-19 21:55:21,886 - usg12004_inspector - INFO - ==================================================
2025-02-19 21:55:21,886 - connect.device_connector - ERROR - Failed to connect to 172.18.10.60: Unsupported 'device_type' currently supported platforms are: 
a10
accedian
adtran_os
adva_fsp150f2
adva_fsp150f3
alaxala_ax26s
alaxala_ax36s
alcatel_aos
alcatel_sros
allied_telesis_awplus
apresia_aeos
arista_eos
arris_cer
aruba_aoscx
aruba_os
aruba_osswitch
aruba_procurve
audiocode_66
audiocode_72
audiocode_shell
avaya_ers
avaya_vsp
broadcom_icos
brocade_fastiron
brocade_fos
brocade_netiron
brocade_nos
brocade_vdx
brocade_vyos
calix_b6
casa_cmts
cdot_cros
centec_os
checkpoint_gaia
ciena_saos
cisco_apic
cisco_asa
cisco_ftd
cisco_ios
cisco_nxos
cisco_s200
cisco_s300
cisco_tp
cisco_viptela
cisco_wlc
cisco_xe
cisco_xr
cloudgenix_ion
coriant
dell_dnos9
dell_force10
dell_isilon
dell_os10
dell_os6
dell_os9
dell_powerconnect
dell_sonic
digi_transport
dlink_ds
eltex
eltex_esr
endace
enterasys
ericsson_ipos
ericsson_mltn63
ericsson_mltn66
extreme
extreme_ers
extreme_exos
extreme_netiron
extreme_nos
extreme_slx
extreme_tierra
extreme_vdx
extreme_vsp
extreme_wing
f5_linux
f5_ltm
f5_tmsh
fiberstore_fsos
flexvnf
fortinet
garderos_grs
generic
generic_termserver
hillstone_stoneos
hp_comware
hp_procurve
huawei
huawei_olt
huawei_smartax
huawei_vrp
huawei_vrpv8
ipinfusion_ocnos
juniper
juniper_junos
juniper_screenos
keymile
keymile_nos
linux
maipu
mellanox
mellanox_mlnxos
mikrotik_routeros
mikrotik_switchos
mrv_lx
mrv_optiswitch
netapp_cdot
netgear_prosafe
netscaler
nokia_srl
nokia_sros
oneaccess_oneos
ovs_linux
paloalto_panos
pluribus
quanta_mesh
rad_etx
raisecom_roap
ruckus_fastiron
ruijie_os
sixwind_os
sophos_sfos
supermicro_smis
teldat_cit
tplink_jetstream
ubiquiti_edge
ubiquiti_edgerouter
ubiquiti_edgeswitch
ubiquiti_unifiswitch
vertiv_mph
vyatta_vyos
vyos
watchguard_fireware
yamaha
zte_zxros
zyxel_os
2025-02-19 21:55:26,886 - connect.device_connector - ERROR - Failed to connect to 172.18.10.60: Unsupported 'device_type' currently supported platforms are: 
a10
accedian
adtran_os
adva_fsp150f2
adva_fsp150f3
alaxala_ax26s
alaxala_ax36s
alcatel_aos
alcatel_sros
allied_telesis_awplus
apresia_aeos
arista_eos
arris_cer
aruba_aoscx
aruba_os
aruba_osswitch
aruba_procurve
audiocode_66
audiocode_72
audiocode_shell
avaya_ers
avaya_vsp
broadcom_icos
brocade_fastiron
brocade_fos
brocade_netiron
brocade_nos
brocade_vdx
brocade_vyos
calix_b6
casa_cmts
cdot_cros
centec_os
checkpoint_gaia
ciena_saos
cisco_apic
cisco_asa
cisco_ftd
cisco_ios
cisco_nxos
cisco_s200
cisco_s300
cisco_tp
cisco_viptela
cisco_wlc
cisco_xe
cisco_xr
cloudgenix_ion
coriant
dell_dnos9
dell_force10
dell_isilon
dell_os10
dell_os6
dell_os9
dell_powerconnect
dell_sonic
digi_transport
dlink_ds
eltex
eltex_esr
endace
enterasys
ericsson_ipos
ericsson_mltn63
ericsson_mltn66
extreme
extreme_ers
extreme_exos
extreme_netiron
extreme_nos
extreme_slx
extreme_tierra
extreme_vdx
extreme_vsp
extreme_wing
f5_linux
f5_ltm
f5_tmsh
fiberstore_fsos
flexvnf
fortinet
garderos_grs
generic
generic_termserver
hillstone_stoneos
hp_comware
hp_procurve
huawei
huawei_olt
huawei_smartax
huawei_vrp
huawei_vrpv8
ipinfusion_ocnos
juniper
juniper_junos
juniper_screenos
keymile
keymile_nos
linux
maipu
mellanox
mellanox_mlnxos
mikrotik_routeros
mikrotik_switchos
mrv_lx
mrv_optiswitch
netapp_cdot
netgear_prosafe
netscaler
nokia_srl
nokia_sros
oneaccess_oneos
ovs_linux
paloalto_panos
pluribus
quanta_mesh
rad_etx
raisecom_roap
ruckus_fastiron
ruijie_os
sixwind_os
sophos_sfos
supermicro_smis
teldat_cit
tplink_jetstream
ubiquiti_edge
ubiquiti_edgerouter
ubiquiti_edgeswitch
ubiquiti_unifiswitch
vertiv_mph
vyatta_vyos
vyos
watchguard_fireware
yamaha
zte_zxros
zyxel_os
2025-02-19 21:55:31,887 - connect.device_connector - ERROR - Failed to connect to 172.18.10.60: Unsupported 'device_type' currently supported platforms are: 
a10
accedian
adtran_os
adva_fsp150f2
adva_fsp150f3
alaxala_ax26s
alaxala_ax36s
alcatel_aos
alcatel_sros
allied_telesis_awplus
apresia_aeos
arista_eos
arris_cer
aruba_aoscx
aruba_os
aruba_osswitch
aruba_procurve
audiocode_66
audiocode_72
audiocode_shell
avaya_ers
avaya_vsp
broadcom_icos
brocade_fastiron
brocade_fos
brocade_netiron
brocade_nos
brocade_vdx
brocade_vyos
calix_b6
casa_cmts
cdot_cros
centec_os
checkpoint_gaia
ciena_saos
cisco_apic
cisco_asa
cisco_ftd
cisco_ios
cisco_nxos
cisco_s200
cisco_s300
cisco_tp
cisco_viptela
cisco_wlc
cisco_xe
cisco_xr
cloudgenix_ion
coriant
dell_dnos9
dell_force10
dell_isilon
dell_os10
dell_os6
dell_os9
dell_powerconnect
dell_sonic
digi_transport
dlink_ds
eltex
eltex_esr
endace
enterasys
ericsson_ipos
ericsson_mltn63
ericsson_mltn66
extreme
extreme_ers
extreme_exos
extreme_netiron
extreme_nos
extreme_slx
extreme_tierra
extreme_vdx
extreme_vsp
extreme_wing
f5_linux
f5_ltm
f5_tmsh
fiberstore_fsos
flexvnf
fortinet
garderos_grs
generic
generic_termserver
hillstone_stoneos
hp_comware
hp_procurve
huawei
huawei_olt
huawei_smartax
huawei_vrp
huawei_vrpv8
ipinfusion_ocnos
juniper
juniper_junos
juniper_screenos
keymile
keymile_nos
linux
maipu
mellanox
mellanox_mlnxos
mikrotik_routeros
mikrotik_switchos
mrv_lx
mrv_optiswitch
netapp_cdot
netgear_prosafe
netscaler
nokia_srl
nokia_sros
oneaccess_oneos
ovs_linux
paloalto_panos
pluribus
quanta_mesh
rad_etx
raisecom_roap
ruckus_fastiron
ruijie_os
sixwind_os
sophos_sfos
supermicro_smis
teldat_cit
tplink_jetstream
ubiquiti_edge
ubiquiti_edgerouter
ubiquiti_edgeswitch
ubiquiti_unifiswitch
vertiv_mph
vyatta_vyos
vyos
watchguard_fireware
yamaha
zte_zxros
zyxel_os
2025-02-19 21:55:31,888 - usg12004_inspector - ERROR - Data collection failed: Failed to connect to 172.18.10.60 after 3 attempts
Traceback (most recent call last):
  File "C:\Users\alex-zhao\PycharmProjects\NetInspector\inspection\huawei\usg12004_inspection.py", line 84, in collect_data
    self.device_connector.connect()
  File "C:\Users\alex-zhao\PycharmProjects\NetInspector\connect\device_connector.py", line 36, in connect
    raise ConnectionError(f"Failed to connect to {self.device_info['host']} after {self.max_retries} attempts")
ConnectionError: Failed to connect to 172.18.10.60 after 3 attempts
2025-02-19 21:55:31,891 - usg12004_inspector - INFO - Disconnected from device 172.18.10.60
2025-02-19 21:55:31,892 - usg12004_inspector - ERROR - Inspection failed: Failed to connect to 172.18.10.60 after 3 attempts
Traceback (most recent call last):
  File "C:\Users\alex-zhao\PycharmProjects\NetInspector\inspection\huawei\usg12004_inspection.py", line 262, in run
    config_data = self.collect_data()
                  ^^^^^^^^^^^^^^^^^^^
  File "C:\Users\alex-zhao\PycharmProjects\NetInspector\inspection\huawei\usg12004_inspection.py", line 84, in collect_data
    self.device_connector.connect()
  File "C:\Users\alex-zhao\PycharmProjects\NetInspector\connect\device_connector.py", line 36, in connect
    raise ConnectionError(f"Failed to connect to {self.device_info['host']} after {self.max_retries} attempts")
ConnectionError: Failed to connect to 172.18.10.60 after 3 attempts
2025-02-19 21:55:31,893 - async_inspection - ERROR - 172.18.10.60 inspecting failed: Failed to connect to 172.18.10.60 after 3 attempts
Traceback (most recent call last):
  File "C:\Users\alex-zhao\PycharmProjects\NetInspector\inspection\huawei\usg12004_inspection.py", line 292, in inspect_device_async
    raw_config, report = await loop.run_in_executor(None, inspector.run)
                         ^^^^^^^^^^^^^^^^^^^^^^^^^^^^^^^^^^^^^^^^^^^^^^^
  File "C:\Users\alex-zhao\AppData\Local\Programs\Python\Python312\Lib\concurrent\futures\thread.py", line 58, in run
    result = self.fn(*self.args, **self.kwargs)
             ^^^^^^^^^^^^^^^^^^^^^^^^^^^^^^^^^^
  File "C:\Users\alex-zhao\PycharmProjects\NetInspector\inspection\huawei\usg12004_inspection.py", line 262, in run
    config_data = self.collect_data()
                  ^^^^^^^^^^^^^^^^^^^
  File "C:\Users\alex-zhao\PycharmProjects\NetInspector\inspection\huawei\usg12004_inspection.py", line 84, in collect_data
    self.device_connector.connect()
  File "C:\Users\alex-zhao\PycharmProjects\NetInspector\connect\device_connector.py", line 36, in connect
    raise ConnectionError(f"Failed to connect to {self.device_info['host']} after {self.max_retries} attempts")
ConnectionError: Failed to connect to 172.18.10.60 after 3 attempts
2025-02-19 21:55:31,894 - main_async - INFO - ==================================================
2025-02-19 21:55:31,894 - main_async - INFO - Tasks are done！Summary of results:
2025-02-19 21:55:31,894 - main_async - INFO - ==================================================
2025-02-19 21:55:31,894 - main_async - INFO - Total devices: 1
2025-02-19 21:55:31,894 - main_async - INFO - Success count: 0
2025-02-19 21:55:31,894 - main_async - INFO - Failure count: 1
2025-02-19 21:55:31,894 - main_async - INFO - Device 172.18.10.60: status: failed
2025-02-19 21:55:31,894 - main_async - INFO - Error: Failed to connect to 172.18.10.60 after 3 attempts
2025-02-19 22:01:05,104 - async_inspection - INFO - Starting to inspect: 172.18.10.60
2025-02-19 22:01:05,105 - usg12004_inspector - INFO - Project root: C:\Users\alex-zhao\PycharmProjects\NetInspector
2025-02-19 22:01:05,105 - usg12004_inspector - INFO - Raw configs directory: C:\Users\alex-zhao\PycharmProjects\NetInspector\output\raw_configs
2025-02-19 22:01:05,105 - usg12004_inspector - INFO - Reports directory: C:\Users\alex-zhao\PycharmProjects\NetInspector\output\reports
2025-02-19 22:01:05,105 - usg12004_inspector - INFO - Directories created/verified successfully
2025-02-19 22:01:05,105 - usg12004_inspector - INFO - Commands loaded from C:\Users\alex-zhao\PycharmProjects\NetInspector\templates\commands\usg12004_commands.json
2025-02-19 22:01:05,578 - usg12004_inspector - INFO - AI model initialized successfully
2025-02-19 22:01:05,579 - usg12004_inspector - INFO - ==================================================
2025-02-19 22:01:05,579 - usg12004_inspector - INFO - Starting to collect data of device 172.18.10.60 ...
2025-02-19 22:01:05,579 - usg12004_inspector - INFO - ==================================================
2025-02-19 22:01:05,579 - connect.device_connector - ERROR - Failed to connect to 172.18.10.60: Unsupported 'device_type' currently supported platforms are: 
a10
accedian
adtran_os
adva_fsp150f2
adva_fsp150f3
alaxala_ax26s
alaxala_ax36s
alcatel_aos
alcatel_sros
allied_telesis_awplus
apresia_aeos
arista_eos
arris_cer
aruba_aoscx
aruba_os
aruba_osswitch
aruba_procurve
audiocode_66
audiocode_72
audiocode_shell
avaya_ers
avaya_vsp
broadcom_icos
brocade_fastiron
brocade_fos
brocade_netiron
brocade_nos
brocade_vdx
brocade_vyos
calix_b6
casa_cmts
cdot_cros
centec_os
checkpoint_gaia
ciena_saos
cisco_apic
cisco_asa
cisco_ftd
cisco_ios
cisco_nxos
cisco_s200
cisco_s300
cisco_tp
cisco_viptela
cisco_wlc
cisco_xe
cisco_xr
cloudgenix_ion
coriant
dell_dnos9
dell_force10
dell_isilon
dell_os10
dell_os6
dell_os9
dell_powerconnect
dell_sonic
digi_transport
dlink_ds
eltex
eltex_esr
endace
enterasys
ericsson_ipos
ericsson_mltn63
ericsson_mltn66
extreme
extreme_ers
extreme_exos
extreme_netiron
extreme_nos
extreme_slx
extreme_tierra
extreme_vdx
extreme_vsp
extreme_wing
f5_linux
f5_ltm
f5_tmsh
fiberstore_fsos
flexvnf
fortinet
garderos_grs
generic
generic_termserver
hillstone_stoneos
hp_comware
hp_procurve
huawei
huawei_olt
huawei_smartax
huawei_vrp
huawei_vrpv8
ipinfusion_ocnos
juniper
juniper_junos
juniper_screenos
keymile
keymile_nos
linux
maipu
mellanox
mellanox_mlnxos
mikrotik_routeros
mikrotik_switchos
mrv_lx
mrv_optiswitch
netapp_cdot
netgear_prosafe
netscaler
nokia_srl
nokia_sros
oneaccess_oneos
ovs_linux
paloalto_panos
pluribus
quanta_mesh
rad_etx
raisecom_roap
ruckus_fastiron
ruijie_os
sixwind_os
sophos_sfos
supermicro_smis
teldat_cit
tplink_jetstream
ubiquiti_edge
ubiquiti_edgerouter
ubiquiti_edgeswitch
ubiquiti_unifiswitch
vertiv_mph
vyatta_vyos
vyos
watchguard_fireware
yamaha
zte_zxros
zyxel_os
2025-02-19 22:01:10,580 - connect.device_connector - ERROR - Failed to connect to 172.18.10.60: Unsupported 'device_type' currently supported platforms are: 
a10
accedian
adtran_os
adva_fsp150f2
adva_fsp150f3
alaxala_ax26s
alaxala_ax36s
alcatel_aos
alcatel_sros
allied_telesis_awplus
apresia_aeos
arista_eos
arris_cer
aruba_aoscx
aruba_os
aruba_osswitch
aruba_procurve
audiocode_66
audiocode_72
audiocode_shell
avaya_ers
avaya_vsp
broadcom_icos
brocade_fastiron
brocade_fos
brocade_netiron
brocade_nos
brocade_vdx
brocade_vyos
calix_b6
casa_cmts
cdot_cros
centec_os
checkpoint_gaia
ciena_saos
cisco_apic
cisco_asa
cisco_ftd
cisco_ios
cisco_nxos
cisco_s200
cisco_s300
cisco_tp
cisco_viptela
cisco_wlc
cisco_xe
cisco_xr
cloudgenix_ion
coriant
dell_dnos9
dell_force10
dell_isilon
dell_os10
dell_os6
dell_os9
dell_powerconnect
dell_sonic
digi_transport
dlink_ds
eltex
eltex_esr
endace
enterasys
ericsson_ipos
ericsson_mltn63
ericsson_mltn66
extreme
extreme_ers
extreme_exos
extreme_netiron
extreme_nos
extreme_slx
extreme_tierra
extreme_vdx
extreme_vsp
extreme_wing
f5_linux
f5_ltm
f5_tmsh
fiberstore_fsos
flexvnf
fortinet
garderos_grs
generic
generic_termserver
hillstone_stoneos
hp_comware
hp_procurve
huawei
huawei_olt
huawei_smartax
huawei_vrp
huawei_vrpv8
ipinfusion_ocnos
juniper
juniper_junos
juniper_screenos
keymile
keymile_nos
linux
maipu
mellanox
mellanox_mlnxos
mikrotik_routeros
mikrotik_switchos
mrv_lx
mrv_optiswitch
netapp_cdot
netgear_prosafe
netscaler
nokia_srl
nokia_sros
oneaccess_oneos
ovs_linux
paloalto_panos
pluribus
quanta_mesh
rad_etx
raisecom_roap
ruckus_fastiron
ruijie_os
sixwind_os
sophos_sfos
supermicro_smis
teldat_cit
tplink_jetstream
ubiquiti_edge
ubiquiti_edgerouter
ubiquiti_edgeswitch
ubiquiti_unifiswitch
vertiv_mph
vyatta_vyos
vyos
watchguard_fireware
yamaha
zte_zxros
zyxel_os
2025-02-19 22:01:15,582 - connect.device_connector - ERROR - Failed to connect to 172.18.10.60: Unsupported 'device_type' currently supported platforms are: 
a10
accedian
adtran_os
adva_fsp150f2
adva_fsp150f3
alaxala_ax26s
alaxala_ax36s
alcatel_aos
alcatel_sros
allied_telesis_awplus
apresia_aeos
arista_eos
arris_cer
aruba_aoscx
aruba_os
aruba_osswitch
aruba_procurve
audiocode_66
audiocode_72
audiocode_shell
avaya_ers
avaya_vsp
broadcom_icos
brocade_fastiron
brocade_fos
brocade_netiron
brocade_nos
brocade_vdx
brocade_vyos
calix_b6
casa_cmts
cdot_cros
centec_os
checkpoint_gaia
ciena_saos
cisco_apic
cisco_asa
cisco_ftd
cisco_ios
cisco_nxos
cisco_s200
cisco_s300
cisco_tp
cisco_viptela
cisco_wlc
cisco_xe
cisco_xr
cloudgenix_ion
coriant
dell_dnos9
dell_force10
dell_isilon
dell_os10
dell_os6
dell_os9
dell_powerconnect
dell_sonic
digi_transport
dlink_ds
eltex
eltex_esr
endace
enterasys
ericsson_ipos
ericsson_mltn63
ericsson_mltn66
extreme
extreme_ers
extreme_exos
extreme_netiron
extreme_nos
extreme_slx
extreme_tierra
extreme_vdx
extreme_vsp
extreme_wing
f5_linux
f5_ltm
f5_tmsh
fiberstore_fsos
flexvnf
fortinet
garderos_grs
generic
generic_termserver
hillstone_stoneos
hp_comware
hp_procurve
huawei
huawei_olt
huawei_smartax
huawei_vrp
huawei_vrpv8
ipinfusion_ocnos
juniper
juniper_junos
juniper_screenos
keymile
keymile_nos
linux
maipu
mellanox
mellanox_mlnxos
mikrotik_routeros
mikrotik_switchos
mrv_lx
mrv_optiswitch
netapp_cdot
netgear_prosafe
netscaler
nokia_srl
nokia_sros
oneaccess_oneos
ovs_linux
paloalto_panos
pluribus
quanta_mesh
rad_etx
raisecom_roap
ruckus_fastiron
ruijie_os
sixwind_os
sophos_sfos
supermicro_smis
teldat_cit
tplink_jetstream
ubiquiti_edge
ubiquiti_edgerouter
ubiquiti_edgeswitch
ubiquiti_unifiswitch
vertiv_mph
vyatta_vyos
vyos
watchguard_fireware
yamaha
zte_zxros
zyxel_os
2025-02-19 22:01:15,582 - usg12004_inspector - ERROR - Data collection failed: Failed to connect to 172.18.10.60 after 3 attempts
Traceback (most recent call last):
  File "C:\Users\alex-zhao\PycharmProjects\NetInspector\inspection\huawei\usg12004_inspection.py", line 84, in collect_data
    self.device_connector.connect()
  File "C:\Users\alex-zhao\PycharmProjects\NetInspector\connect\device_connector.py", line 36, in connect
    raise ConnectionError(f"Failed to connect to {self.device_info['host']} after {self.max_retries} attempts")
ConnectionError: Failed to connect to 172.18.10.60 after 3 attempts
2025-02-19 22:01:15,583 - usg12004_inspector - INFO - Disconnected from device 172.18.10.60
2025-02-19 22:01:15,583 - usg12004_inspector - ERROR - Inspection failed: Failed to connect to 172.18.10.60 after 3 attempts
Traceback (most recent call last):
  File "C:\Users\alex-zhao\PycharmProjects\NetInspector\inspection\huawei\usg12004_inspection.py", line 262, in run
    config_data = self.collect_data()
                  ^^^^^^^^^^^^^^^^^^^
  File "C:\Users\alex-zhao\PycharmProjects\NetInspector\inspection\huawei\usg12004_inspection.py", line 84, in collect_data
    self.device_connector.connect()
  File "C:\Users\alex-zhao\PycharmProjects\NetInspector\connect\device_connector.py", line 36, in connect
    raise ConnectionError(f"Failed to connect to {self.device_info['host']} after {self.max_retries} attempts")
ConnectionError: Failed to connect to 172.18.10.60 after 3 attempts
2025-02-19 22:01:15,584 - async_inspection - ERROR - 172.18.10.60 inspecting failed: Failed to connect to 172.18.10.60 after 3 attempts
Traceback (most recent call last):
  File "C:\Users\alex-zhao\PycharmProjects\NetInspector\inspection\huawei\usg12004_inspection.py", line 292, in inspect_device_async
    raw_config, report = await loop.run_in_executor(None, inspector.run)
                         ^^^^^^^^^^^^^^^^^^^^^^^^^^^^^^^^^^^^^^^^^^^^^^^
  File "C:\Users\alex-zhao\AppData\Local\Programs\Python\Python312\Lib\concurrent\futures\thread.py", line 58, in run
    result = self.fn(*self.args, **self.kwargs)
             ^^^^^^^^^^^^^^^^^^^^^^^^^^^^^^^^^^
  File "C:\Users\alex-zhao\PycharmProjects\NetInspector\inspection\huawei\usg12004_inspection.py", line 262, in run
    config_data = self.collect_data()
                  ^^^^^^^^^^^^^^^^^^^
  File "C:\Users\alex-zhao\PycharmProjects\NetInspector\inspection\huawei\usg12004_inspection.py", line 84, in collect_data
    self.device_connector.connect()
  File "C:\Users\alex-zhao\PycharmProjects\NetInspector\connect\device_connector.py", line 36, in connect
    raise ConnectionError(f"Failed to connect to {self.device_info['host']} after {self.max_retries} attempts")
ConnectionError: Failed to connect to 172.18.10.60 after 3 attempts
2025-02-19 22:01:15,585 - main_async - INFO - ==================================================
2025-02-19 22:01:15,585 - main_async - INFO - Tasks are done！Summary of results:
2025-02-19 22:01:15,585 - main_async - INFO - ==================================================
2025-02-19 22:01:15,586 - main_async - INFO - Total devices: 1
2025-02-19 22:01:15,586 - main_async - INFO - Success count: 0
2025-02-19 22:01:15,586 - main_async - INFO - Failure count: 1
2025-02-19 22:01:15,586 - main_async - INFO - Device 172.18.10.60: status: failed
2025-02-19 22:01:15,586 - main_async - INFO - Error: Failed to connect to 172.18.10.60 after 3 attempts
2025-02-19 22:02:37,173 - async_inspection - INFO - Starting to inspect: 172.18.10.60
2025-02-19 22:02:37,174 - usg12004_inspector - INFO - Project root: C:\Users\alex-zhao\PycharmProjects\NetInspector
2025-02-19 22:02:37,174 - usg12004_inspector - INFO - Raw configs directory: C:\Users\alex-zhao\PycharmProjects\NetInspector\output\raw_configs
2025-02-19 22:02:37,174 - usg12004_inspector - INFO - Reports directory: C:\Users\alex-zhao\PycharmProjects\NetInspector\output\reports
2025-02-19 22:02:37,174 - usg12004_inspector - INFO - Directories created/verified successfully
2025-02-19 22:02:37,175 - usg12004_inspector - INFO - Commands loaded from C:\Users\alex-zhao\PycharmProjects\NetInspector\templates\commands\usg12004_commands.json
2025-02-19 22:02:37,641 - usg12004_inspector - INFO - AI model initialized successfully
2025-02-19 22:02:37,641 - usg12004_inspector - INFO - ==================================================
2025-02-19 22:02:37,642 - usg12004_inspector - INFO - Starting to collect data of device 172.18.10.60 ...
2025-02-19 22:02:37,642 - usg12004_inspector - INFO - ==================================================
2025-02-19 22:02:37,656 - paramiko.transport - INFO - Connected (version 2.0, client -)
2025-02-19 22:02:38,040 - paramiko.transport - INFO - Authentication (password) successful!
2025-02-19 22:02:38,984 - usg12004_inspector - INFO - Successfully connected to device 172.18.10.60
2025-02-19 22:02:38,984 - usg12004_inspector - INFO - ----------------------------------------
2025-02-19 22:02:38,984 - usg12004_inspector - INFO - Starting to collect data for category: basic ...
2025-02-19 22:02:38,984 - usg12004_inspector - INFO - This category includes 3 commands
2025-02-19 22:02:38,984 - usg12004_inspector - INFO - Executing command: screen-length 0 temporary
2025-02-19 22:02:40,072 - usg12004_inspector - INFO - Command execution complete:
2025-02-19 22:02:40,072 - usg12004_inspector - INFO -   - Execution time: 1.09 seconds
2025-02-19 22:02:40,073 - usg12004_inspector - INFO -   - Lines collected: 1
2025-02-19 22:02:40,573 - usg12004_inspector - INFO - Executing command: display current-configuration all
2025-02-19 22:02:41,261 - usg12004_inspector - INFO - Command execution complete:
2025-02-19 22:02:41,261 - usg12004_inspector - INFO -   - Execution time: 0.69 seconds
2025-02-19 22:02:41,261 - usg12004_inspector - INFO -   - Lines collected: 217
2025-02-19 22:02:41,762 - usg12004_inspector - INFO - Executing command: display version
2025-02-19 22:02:42,450 - usg12004_inspector - INFO - Command execution complete:
2025-02-19 22:02:42,450 - usg12004_inspector - INFO -   - Execution time: 0.69 seconds
2025-02-19 22:02:42,450 - usg12004_inspector - INFO -   - Lines collected: 15
2025-02-19 22:02:42,951 - usg12004_inspector - INFO - Completed collecting data for category: basic, executed 3 commands
2025-02-19 22:02:42,951 - usg12004_inspector - INFO - ----------------------------------------
2025-02-19 22:02:42,951 - usg12004_inspector - INFO - Starting to collect data for category: security ...
2025-02-19 22:02:42,951 - usg12004_inspector - INFO - This category includes 3 commands
2025-02-19 22:02:42,951 - usg12004_inspector - INFO - Executing command: display security risk
2025-02-19 22:02:43,640 - usg12004_inspector - INFO - Command execution complete:
2025-02-19 22:02:43,640 - usg12004_inspector - INFO -   - Execution time: 0.69 seconds
2025-02-19 22:02:43,640 - usg12004_inspector - INFO -   - Lines collected: 45
2025-02-19 22:02:44,141 - usg12004_inspector - INFO - Executing command: display security-policy rule all
2025-02-19 22:02:44,829 - usg12004_inspector - INFO - Command execution complete:
2025-02-19 22:02:44,829 - usg12004_inspector - INFO -   - Execution time: 0.69 seconds
2025-02-19 22:02:44,829 - usg12004_inspector - INFO -   - Lines collected: 8
2025-02-19 22:02:45,329 - usg12004_inspector - INFO - Executing command: display security-policy statistics
2025-02-19 22:02:46,018 - usg12004_inspector - INFO - Command execution complete:
2025-02-19 22:02:46,019 - usg12004_inspector - INFO -   - Execution time: 0.69 seconds
2025-02-19 22:02:46,019 - usg12004_inspector - INFO -   - Lines collected: 2
2025-02-19 22:02:46,520 - usg12004_inspector - INFO - Completed collecting data for category: security, executed 3 commands
2025-02-19 22:02:46,520 - usg12004_inspector - INFO - ----------------------------------------
2025-02-19 22:02:46,520 - usg12004_inspector - INFO - Starting to collect data for category: network ...
2025-02-19 22:02:46,520 - usg12004_inspector - INFO - This category includes 4 commands
2025-02-19 22:02:46,520 - usg12004_inspector - INFO - Executing command: display interface brief
2025-02-19 22:02:47,207 - usg12004_inspector - INFO - Command execution complete:
2025-02-19 22:02:47,207 - usg12004_inspector - INFO -   - Execution time: 0.69 seconds
2025-02-19 22:02:47,207 - usg12004_inspector - INFO -   - Lines collected: 17
2025-02-19 22:02:47,708 - usg12004_inspector - INFO - Executing command: display ip routing-table
2025-02-19 22:02:48,406 - usg12004_inspector - INFO - Command execution complete:
2025-02-19 22:02:48,406 - usg12004_inspector - INFO -   - Execution time: 0.7 seconds
2025-02-19 22:02:48,406 - usg12004_inspector - INFO -   - Lines collected: 12
2025-02-19 22:02:48,907 - usg12004_inspector - INFO - Executing command: display nat-policy rule all
2025-02-19 22:02:49,605 - usg12004_inspector - INFO - Command execution complete:
2025-02-19 22:02:49,605 - usg12004_inspector - INFO -   - Execution time: 0.7 seconds
2025-02-19 22:02:49,605 - usg12004_inspector - INFO -   - Lines collected: 6
2025-02-19 22:02:50,106 - usg12004_inspector - INFO - Executing command: display nat statistics
2025-02-19 22:02:50,793 - usg12004_inspector - INFO - Command execution complete:
2025-02-19 22:02:50,793 - usg12004_inspector - INFO -   - Execution time: 0.69 seconds
2025-02-19 22:02:50,793 - usg12004_inspector - INFO -   - Lines collected: 2
2025-02-19 22:02:51,294 - usg12004_inspector - INFO - Completed collecting data for category: network, executed 4 commands
2025-02-19 22:02:51,294 - usg12004_inspector - INFO - ----------------------------------------
2025-02-19 22:02:51,294 - usg12004_inspector - INFO - Starting to collect data for category: monitoring ...
2025-02-19 22:02:51,294 - usg12004_inspector - INFO - This category includes 2 commands
2025-02-19 22:02:51,294 - usg12004_inspector - INFO - Executing command: display cpu-usage
2025-02-19 22:02:51,982 - usg12004_inspector - INFO - Command execution complete:
2025-02-19 22:02:51,983 - usg12004_inspector - INFO -   - Execution time: 0.69 seconds
2025-02-19 22:02:51,983 - usg12004_inspector - INFO -   - Lines collected: 29
2025-02-19 22:02:51,983 - usg12004_inspector - INFO - CPU usage overview:
2025-02-19 22:02:51,983 - usg12004_inspector - INFO -   2025-02-19 14:02:50.430 
2025-02-19 22:02:51,983 - usg12004_inspector - INFO -   CPU Usage Stat. Cycle: 10 (Second)
2025-02-19 22:02:51,983 - usg12004_inspector - INFO -   CPU Usage            :  12.3%  Max:  55.3% 
2025-02-19 22:02:51,983 - usg12004_inspector - INFO -   CPU utilization for ten seconds:  12.3% : one minute:  10.4% : five minutes:   9.6% 
2025-02-19 22:02:51,983 - usg12004_inspector - INFO -   
2025-02-19 22:02:52,484 - usg12004_inspector - INFO - Executing command: display memory
2025-02-19 22:02:53,171 - usg12004_inspector - INFO - Command execution complete:
2025-02-19 22:02:53,172 - usg12004_inspector - INFO -   - Execution time: 0.69 seconds
2025-02-19 22:02:53,172 - usg12004_inspector - INFO -   - Lines collected: 13
2025-02-19 22:02:53,172 - usg12004_inspector - INFO - Memory usage overview:
2025-02-19 22:02:53,172 - usg12004_inspector - INFO -    Memory Using Percentage Is: 58%
2025-02-19 22:02:53,172 - usg12004_inspector - INFO -    Memory Using Percentage Is: 51%
2025-02-19 22:02:53,173 - usg12004_inspector - INFO -    Dynamic Memory Using Percentage Is: 38%
2025-02-19 22:02:53,673 - usg12004_inspector - INFO - Completed collecting data for category: monitoring, executed 2 commands
2025-02-19 22:02:53,673 - usg12004_inspector - INFO - ==================================================
2025-02-19 22:02:53,673 - usg12004_inspector - INFO - Collection summary:
2025-02-19 22:02:53,673 - usg12004_inspector - INFO - - Total commands: 12
2025-02-19 22:02:53,673 - usg12004_inspector - INFO - - Total lines: 367
2025-02-19 22:02:53,673 - usg12004_inspector - INFO - - Total categories: 4
2025-02-19 22:02:53,673 - usg12004_inspector - INFO - ==================================================
2025-02-19 22:02:55,876 - usg12004_inspector - INFO - Disconnected from device 172.18.10.60
2025-02-19 22:02:55,877 - usg12004_inspector - INFO - Saving raw configuration:
2025-02-19 22:02:55,877 - usg12004_inspector - INFO - Output directory: C:\Users\alex-zhao\PycharmProjects\NetInspector\output\raw_configs
2025-02-19 22:02:55,878 - usg12004_inspector - INFO - File path: C:\Users\alex-zhao\PycharmProjects\NetInspector\output\raw_configs\raw_config_172.18.10.60_20250219_220255.txt
2025-02-19 22:02:55,880 - usg12004_inspector - INFO - File successfully saved to: C:\Users\alex-zhao\PycharmProjects\NetInspector\output\raw_configs\raw_config_172.18.10.60_20250219_220255.txt
2025-02-19 22:02:55,881 - usg12004_inspector - INFO - Original config saved to: C:\Users\alex-zhao\PycharmProjects\NetInspector\output\raw_configs\raw_config_172.18.10.60_20250219_220255.txt
2025-02-19 22:02:55,881 - usg12004_inspector - INFO - Starting analysis of data...
2025-02-19 22:02:55,899 - usg12004_inspector - INFO - Attempt 1 to analyze data...
2025-02-19 22:03:25,359 - httpx - INFO - HTTP Request: POST https://dashscope.aliyuncs.com/compatible-mode/v1/chat/completions "HTTP/1.1 200 OK"
2025-02-19 22:03:25,381 - usg12004_inspector - INFO - Analysis successful
2025-02-19 22:03:25,381 - usg12004_inspector - INFO - Saving report:
2025-02-19 22:03:25,382 - usg12004_inspector - INFO - Reports directory: C:\Users\alex-zhao\PycharmProjects\NetInspector\output\reports
2025-02-19 22:03:25,382 - usg12004_inspector - INFO - Report path: C:\Users\alex-zhao\PycharmProjects\NetInspector\output\reports\report_172.18.10.60_20250219_220325.md
2025-02-19 22:03:25,382 - usg12004_inspector - INFO - Report successfully saved to: C:\Users\alex-zhao\PycharmProjects\NetInspector\output\reports\report_172.18.10.60_20250219_220325.md
2025-02-19 22:03:25,382 - usg12004_inspector - INFO - Report saved to: C:\Users\alex-zhao\PycharmProjects\NetInspector\output\reports\report_172.18.10.60_20250219_220325.md
2025-02-19 22:03:25,382 - main_async - INFO - ==================================================
2025-02-19 22:03:25,383 - main_async - INFO - Tasks are done！Summary of results:
2025-02-19 22:03:25,383 - main_async - INFO - ==================================================
2025-02-19 22:03:25,383 - main_async - INFO - Total devices: 1
2025-02-19 22:03:25,383 - main_async - INFO - Success count: 1
2025-02-19 22:03:25,383 - main_async - INFO - Failure count: 0
2025-02-19 22:03:25,383 - main_async - INFO - Device 172.18.10.60: status: success
2025-02-19 22:03:25,383 - main_async - INFO - Original config saving path: C:\Users\alex-zhao\PycharmProjects\NetInspector\output\raw_configs\raw_config_172.18.10.60_20250219_220255.txt
2025-02-19 22:03:25,383 - main_async - INFO - Report saving path: C:\Users\alex-zhao\PycharmProjects\NetInspector\output\reports\report_172.18.10.60_20250219_220325.md
